0 verbose cli C:\Program Files\nodejs\node.exe C:\Users\khaer\AppData\Roaming\npm\node_modules\npm\bin\npm-cli.js
1 info using npm@11.11.1
2 info using node@v24.14.0
3 silly config load:file:C:\Users\khaer\AppData\Roaming\npm\node_modules\npm\npmrc
4 silly config load:file:F:\kerja\ngoding\EVOAPP\.npmrc
5 silly config load:file:C:\Users\khaer\.npmrc
6 silly config load:file:C:\Users\khaer\AppData\Roaming\npm\etc\npmrc
7 verbose title npm install axios-digest
8 verbose argv "install" "axios-digest" "--cache" ".npm-cache"
9 verbose logfile logs-max:10 dir:F:\kerja\ngoding\EVOAPP\.npm-cache\_logs\2026-05-13T10_19_32_652Z-
10 verbose logfile F:\kerja\ngoding\EVOAPP\.npm-cache\_logs\2026-05-13T10_19_32_652Z-debug-0.log
11 silly logfile done cleaning log files
12 silly packumentCache heap:2348810240 maxSize:587202560 maxEntrySize:293601280
13 verbose shrinkwrap failed to load node_modules/.package-lock.json out of date, updated: node_modules
14 silly idealTree buildDeps
15 silly fetch manifest axios-digest@*
16 silly packumentCache full:https://registry.npmjs.org/axios-digest cache-miss
17 http fetch GET 200 https://registry.npmjs.org/axios-digest 250ms (cache miss)
18 silly packumentCache full:https://registry.npmjs.org/axios-digest set size:undefined disposed:false
19 silly placeDep ROOT axios-digest@0.3.0 OK for: evosecure@0.1.0 want: *
20 silly fetch manifest axios@^0.24.0
21 silly packumentCache full:https://registry.npmjs.org/axios cache-miss
22 silly fetch manifest js-md5@^0.7.3
23 silly packumentCache full:https://registry.npmjs.org/js-md5 cache-miss
24 silly fetch manifest js-sha256@^0.9.0
25 silly packumentCache full:https://registry.npmjs.org/js-sha256 cache-miss
26 http fetch GET 200 https://registry.npmjs.org/npm 533ms
27 http fetch GET 200 https://registry.npmjs.org/axios 128ms (cache miss)
28 silly packumentCache full:https://registry.npmjs.org/axios set size:undefined disposed:false
29 silly fetch manifest js-sha512@^0.8.0
30 silly packumentCache full:https://registry.npmjs.org/js-sha512 cache-miss
31 http fetch GET 200 https://registry.npmjs.org/js-md5 194ms (cache miss)
32 silly packumentCache full:https://registry.npmjs.org/js-md5 set size:undefined disposed:false
33 http fetch GET 200 https://registry.npmjs.org/js-sha256 198ms (cache miss)
34 silly packumentCache full:https://registry.npmjs.org/js-sha256 set size:undefined disposed:false
35 http fetch GET 200 https://registry.npmjs.org/js-sha512 226ms (cache miss)
36 silly packumentCache full:https://registry.npmjs.org/js-sha512 set size:undefined disposed:false
37 silly placeDep node_modules/axios-digest axios@0.24.0 OK for: axios-digest@0.3.0 want: ^0.24.0
38 silly placeDep ROOT js-md5@0.7.3 OK for: axios-digest@0.3.0 want: ^0.7.3
39 silly placeDep ROOT js-sha256@0.9.0 OK for: axios-digest@0.3.0 want: ^0.9.0
40 silly placeDep ROOT js-sha512@0.8.0 OK for: axios-digest@0.3.0 want: ^0.8.0
41 silly reify moves {}
42 silly audit bulk request {
42 silly audit   '@alloc/quick-lru': [ '5.2.0' ],
42 silly audit   '@babel/code-frame': [ '7.29.0' ],
42 silly audit   '@babel/compat-data': [ '7.29.0' ],
42 silly audit   '@babel/core': [ '7.29.0' ],
42 silly audit   '@babel/generator': [ '7.29.1' ],
42 silly audit   '@babel/helper-compilation-targets': [ '7.28.6' ],
42 silly audit   '@babel/helper-globals': [ '7.28.0' ],
42 silly audit   '@babel/helper-module-imports': [ '7.28.6' ],
42 silly audit   '@babel/helper-module-transforms': [ '7.28.6' ],
42 silly audit   '@babel/helper-plugin-utils': [ '7.28.6' ],
42 silly audit   '@babel/helper-string-parser': [ '7.27.1' ],
42 silly audit   '@babel/helper-validator-identifier': [ '7.28.5' ],
42 silly audit   '@babel/helper-validator-option': [ '7.27.1' ],
42 silly audit   '@babel/helpers': [ '7.28.6' ],
42 silly audit   '@babel/parser': [ '7.29.0' ],
42 silly audit   '@babel/plugin-transform-react-jsx-self': [ '7.27.1' ],
42 silly audit   '@babel/plugin-transform-react-jsx-source': [ '7.27.1' ],
42 silly audit   '@babel/template': [ '7.28.6' ],
42 silly audit   '@babel/traverse': [ '7.29.0' ],
42 silly audit   '@babel/types': [ '7.29.0' ],
42 silly audit   '@esbuild/aix-ppc64': [ '0.21.5' ],
42 silly audit   '@esbuild/android-arm': [ '0.21.5' ],
42 silly audit   '@esbuild/android-arm64': [ '0.21.5' ],
42 silly audit   '@esbuild/android-x64': [ '0.21.5' ],
42 silly audit   '@esbuild/darwin-arm64': [ '0.21.5' ],
42 silly audit   '@esbuild/darwin-x64': [ '0.21.5' ],
42 silly audit   '@esbuild/freebsd-arm64': [ '0.21.5' ],
42 silly audit   '@esbuild/freebsd-x64': [ '0.21.5' ],
42 silly audit   '@esbuild/linux-arm': [ '0.21.5' ],
42 silly audit   '@esbuild/linux-arm64': [ '0.21.5' ],
42 silly audit   '@esbuild/linux-ia32': [ '0.21.5' ],
42 silly audit   '@esbuild/linux-loong64': [ '0.21.5' ],
42 silly audit   '@esbuild/linux-mips64el': [ '0.21.5' ],
42 silly audit   '@esbuild/linux-ppc64': [ '0.21.5' ],
42 silly audit   '@esbuild/linux-riscv64': [ '0.21.5' ],
42 silly audit   '@esbuild/linux-s390x': [ '0.21.5' ],
42 silly audit   '@esbuild/linux-x64': [ '0.21.5' ],
42 silly audit   '@esbuild/netbsd-x64': [ '0.21.5' ],
42 silly audit   '@esbuild/openbsd-x64': [ '0.21.5' ],
42 silly audit   '@esbuild/sunos-x64': [ '0.21.5' ],
42 silly audit   '@esbuild/win32-arm64': [ '0.21.5' ],
42 silly audit   '@esbuild/win32-ia32': [ '0.21.5' ],
42 silly audit   '@esbuild/win32-x64': [ '0.21.5' ],
42 silly audit   '@fast-csv/format': [ '4.3.5' ],
42 silly audit   '@types/node': [ '14.18.63' ],
42 silly audit   '@fast-csv/parse': [ '4.3.6' ],
42 silly audit   '@jridgewell/gen-mapping': [ '0.3.13' ],
42 silly audit   '@jridgewell/remapping': [ '2.3.5' ],
42 silly audit   '@jridgewell/resolve-uri': [ '3.1.2' ],
42 silly audit   '@jridgewell/sourcemap-codec': [ '1.5.5' ],
42 silly audit   '@jridgewell/trace-mapping': [ '0.3.31' ],
42 silly audit   '@nodelib/fs.scandir': [ '2.1.5' ],
42 silly audit   '@nodelib/fs.stat': [ '2.0.5' ],
42 silly audit   '@nodelib/fs.walk': [ '1.2.8' ],
42 silly audit   '@remix-run/router': [ '1.23.2' ],
42 silly audit   '@rolldown/pluginutils': [ '1.0.0-beta.27' ],
42 silly audit   '@rollup/rollup-android-arm-eabi': [ '4.59.0' ],
42 silly audit   '@rollup/rollup-android-arm64': [ '4.59.0' ],
42 silly audit   '@rollup/rollup-darwin-arm64': [ '4.59.0' ],
42 silly audit   '@rollup/rollup-darwin-x64': [ '4.59.0' ],
42 silly audit   '@rollup/rollup-freebsd-arm64': [ '4.59.0' ],
42 silly audit   '@rollup/rollup-freebsd-x64': [ '4.59.0' ],
42 silly audit   '@rollup/rollup-linux-arm-gnueabihf': [ '4.59.0' ],
42 silly audit   '@rollup/rollup-linux-arm-musleabihf': [ '4.59.0' ],
42 silly audit   '@rollup/rollup-linux-arm64-gnu': [ '4.59.0' ],
42 silly audit   '@rollup/rollup-linux-arm64-musl': [ '4.59.0' ],
42 silly audit   '@rollup/rollup-linux-loong64-gnu': [ '4.59.0' ],
42 silly audit   '@rollup/rollup-linux-loong64-musl': [ '4.59.0' ],
42 silly audit   '@rollup/rollup-linux-ppc64-gnu': [ '4.59.0' ],
42 silly audit   '@rollup/rollup-linux-ppc64-musl': [ '4.59.0' ],
42 silly audit   '@rollup/rollup-linux-riscv64-gnu': [ '4.59.0' ],
42 silly audit   '@rollup/rollup-linux-riscv64-musl': [ '4.59.0' ],
42 silly audit   '@rollup/rollup-linux-s390x-gnu': [ '4.59.0' ],
42 silly audit   '@rollup/rollup-linux-x64-gnu': [ '4.59.0' ],
42 silly audit   '@rollup/rollup-linux-x64-musl': [ '4.59.0' ],
42 silly audit   '@rollup/rollup-openbsd-x64': [ '4.59.0' ],
42 silly audit   '@rollup/rollup-openharmony-arm64': [ '4.59.0' ],
42 silly audit   '@rollup/rollup-win32-arm64-msvc': [ '4.59.0' ],
42 silly audit   '@rollup/rollup-win32-ia32-msvc': [ '4.59.0' ],
42 silly audit   '@rollup/rollup-win32-x64-gnu': [ '4.59.0' ],
42 silly audit   '@rollup/rollup-win32-x64-msvc': [ '4.59.0' ],
42 silly audit   '@types/babel__core': [ '7.20.5' ],
42 silly audit   '@types/babel__generator': [ '7.27.0' ],
42 silly audit   '@types/babel__template': [ '7.4.4' ],
42 silly audit   '@types/babel__traverse': [ '7.28.0' ],
42 silly audit   '@types/estree': [ '1.0.8' ],
42 silly audit   '@types/prop-types': [ '15.7.15' ],
42 silly audit   '@types/react': [ '18.3.28' ],
42 silly audit   '@types/react-dom': [ '18.3.7' ],
42 silly audit   '@vitejs/plugin-react': [ '4.7.0' ],
42 silly audit   'any-promise': [ '1.3.0' ],
42 silly audit   anymatch: [ '3.1.3' ],
42 silly audit   archiver: [ '5.3.2' ],
42 silly audit   'archiver-utils': [ '2.1.0', '3.0.4' ],
42 silly audit   'readable-stream': [ '2.3.8', '3.6.2' ],
42 silly audit   'safe-buffer': [ '5.1.2', '5.2.1' ],
42 silly audit   string_decoder: [ '1.1.1', '1.3.0' ],
42 silly audit   arg: [ '5.0.2' ],
42 silly audit   async: [ '3.2.6' ],
42 silly audit   asynckit: [ '0.4.0' ],
42 silly audit   autoprefixer: [ '10.4.24' ],
42 silly audit   axios: [ '1.14.0', '0.24.0' ],
42 silly audit   'balanced-match': [ '1.0.2' ],
42 silly audit   'base64-js': [ '1.5.1' ],
42 silly audit   'baseline-browser-mapping': [ '2.10.0' ],
42 silly audit   'big-integer': [ '1.6.52' ],
42 silly audit   binary: [ '0.3.0' ],
42 silly audit   'binary-extensions': [ '2.3.0' ],
42 silly audit   bl: [ '4.1.0' ],
42 silly audit   bluebird: [ '3.4.7' ],
42 silly audit   'brace-expansion': [ '1.1.14', '2.1.0' ],
42 silly audit   braces: [ '3.0.3' ],
42 silly audit   browserslist: [ '4.28.1' ],
42 silly audit   buffer: [ '5.7.1' ],
42 silly audit   'buffer-crc32': [ '0.2.13' ],
42 silly audit   'buffer-indexof-polyfill': [ '1.0.2' ],
42 silly audit   buffers: [ '0.1.1' ],
42 silly audit   'call-bind-apply-helpers': [ '1.0.2' ],
42 silly audit   'camelcase-css': [ '2.0.1' ],
42 silly audit   'caniuse-lite': [ '1.0.30001774' ],
42 silly audit   chainsaw: [ '0.1.0' ],
42 silly audit   chokidar: [ '3.6.0' ],
42 silly audit   'glob-parent': [ '5.1.2', '6.0.2' ],
42 silly audit   clsx: [ '2.1.1' ],
42 silly audit   'combined-stream': [ '1.0.8' ],
42 silly audit   commander: [ '4.1.1' ],
42 silly audit   'compress-commons': [ '4.1.2' ],
42 silly audit   'concat-map': [ '0.0.1' ],
42 silly audit   'convert-source-map': [ '2.0.0' ],
42 silly audit   'core-util-is': [ '1.0.3' ],
42 silly audit   'crc-32': [ '1.2.2' ],
42 silly audit   'crc32-stream': [ '4.0.3' ],
42 silly audit   'crypto-js': [ '4.2.0' ],
42 silly audit   cssesc: [ '3.0.0' ],
42 silly audit   csstype: [ '3.2.3' ],
42 silly audit   dayjs: [ '1.11.20' ],
42 silly audit   debug: [ '4.4.3' ],
42 silly audit   'delayed-stream': [ '1.0.0' ],
42 silly audit   didyoumean: [ '1.2.2' ],
42 silly audit   dlv: [ '1.1.3' ],
42 silly audit   'dunder-proto': [ '1.0.1' ],
42 silly audit   duplexer2: [ '0.1.4' ],
42 silly audit   'electron-to-chromium': [ '1.5.302' ],
42 silly audit   'end-of-stream': [ '1.4.5' ],
42 silly audit   'es-define-property': [ '1.0.1' ],
42 silly audit   'es-errors': [ '1.3.0' ],
42 silly audit   'es-object-atoms': [ '1.1.1' ],
42 silly audit   'es-set-tostringtag': [ '2.1.0' ],
42 silly audit   esbuild: [ '0.21.5' ],
42 silly audit   escalade: [ '3.2.0' ],
42 silly audit   exceljs: [ '4.4.0' ],
42 silly audit   'fast-csv': [ '4.3.6' ],
42 silly audit   'fast-glob': [ '3.3.3' ],
42 silly audit   fastq: [ '1.20.1' ],
42 silly audit   'fill-range': [ '7.1.1' ],
42 silly audit   'follow-redirects': [ '1.15.11' ],
42 silly audit   'form-data': [ '4.0.5' ],
42 silly audit   'fraction.js': [ '5.3.4' ],
42 silly audit   'framer-motion': [ '12.38.0' ],
42 silly audit   'fs-constants': [ '1.0.0' ],
42 silly audit   'fs.realpath': [ '1.0.0' ],
42 silly audit   fsevents: [ '2.3.3' ],
42 silly audit   fstream: [ '1.0.12' ],
42 silly audit   'function-bind': [ '1.1.2' ],
42 silly audit   gensync: [ '1.0.0-beta.2' ],
42 silly audit   'get-intrinsic': [ '1.3.0' ],
42 silly audit   'get-proto': [ '1.0.1' ],
42 silly audit   glob: [ '7.2.3' ],
42 silly audit   gopd: [ '1.2.0' ],
42 silly audit   'graceful-fs': [ '4.2.11' ],
42 silly audit   'has-symbols': [ '1.1.0' ],
42 silly audit   'has-tostringtag': [ '1.0.2' ],
42 silly audit   hasown: [ '2.0.2' ],
42 silly audit   'hls.js': [ '1.6.15' ],
42 silly audit   ieee754: [ '1.2.1' ],
42 silly audit   immediate: [ '3.0.6' ],
42 silly audit   inflight: [ '1.0.6' ],
42 silly audit   inherits: [ '2.0.4' ],
42 silly audit   'is-binary-path': [ '2.1.0' ],
42 silly audit   'is-core-module': [ '2.16.1' ],
42 silly audit   'is-extglob': [ '2.1.1' ],
42 silly audit   'is-glob': [ '4.0.3' ],
42 silly audit   'is-number': [ '7.0.0' ],
42 silly audit   isarray: [ '1.0.0' ],
42 silly audit   jiti: [ '1.21.7' ],
42 silly audit   'js-tokens': [ '4.0.0' ],
42 silly audit   jsesc: [ '3.1.0' ],
42 silly audit   json5: [ '2.2.3' ],
42 silly audit   jszip: [ '3.10.1' ],
42 silly audit   lazystream: [ '1.0.1' ],
42 silly audit   lie: [ '3.3.0' ],
42 silly audit   lilconfig: [ '3.1.3' ],
42 silly audit   'lines-and-columns': [ '1.2.4' ],
42 silly audit   listenercount: [ '1.0.1' ],
42 silly audit   'lodash.defaults': [ '4.2.0' ],
42 silly audit   'lodash.difference': [ '4.5.0' ],
42 silly audit   'lodash.escaperegexp': [ '4.1.2' ],
42 silly audit   'lodash.flatten': [ '4.4.0' ],
42 silly audit   'lodash.groupby': [ '4.6.0' ],
42 silly audit   'lodash.isboolean': [ '3.0.3' ],
42 silly audit   'lodash.isequal': [ '4.5.0' ],
42 silly audit   'lodash.isfunction': [ '3.0.9' ],
42 silly audit   'lodash.isnil': [ '4.0.0' ],
42 silly audit   'lodash.isplainobject': [ '4.0.6' ],
42 silly audit   'lodash.isundefined': [ '3.0.1' ],
42 silly audit   'lodash.union': [ '4.6.0' ],
42 silly audit   'lodash.uniq': [ '4.5.0' ],
42 silly audit   'loose-envify': [ '1.4.0' ],
42 silly audit   'lru-cache': [ '5.1.1' ],
42 silly audit   'lucide-react': [ '0.344.0' ],
42 silly audit   'math-intrinsics': [ '1.1.0' ],
42 silly audit   merge2: [ '1.4.1' ],
42 silly audit   micromatch: [ '4.0.8' ],
42 silly audit   'mime-db': [ '1.52.0' ],
42 silly audit   'mime-types': [ '2.1.35' ],
42 silly audit   minimatch: [ '3.1.5', '5.1.9' ],
42 silly audit   minimist: [ '1.2.8' ],
42 silly audit   mkdirp: [ '0.5.6' ],
42 silly audit   'motion-dom': [ '12.38.0' ],
42 silly audit   'motion-utils': [ '12.36.0' ],
42 silly audit   ms: [ '2.1.3' ],
42 silly audit   mz: [ '2.7.0' ],
42 silly audit   nanoid: [ '3.3.11' ],
42 silly audit   'node-releases': [ '2.0.27' ],
42 silly audit   'normalize-path': [ '3.0.0' ],
42 silly audit   'object-assign': [ '4.1.1' ],
42 silly audit   'object-hash': [ '3.0.0' ],
42 silly audit   once: [ '1.4.0' ],
42 silly audit   pako: [ '1.0.11' ],
42 silly audit   'path-is-absolute': [ '1.0.1' ],
42 silly audit   'path-parse': [ '1.0.7' ],
42 silly audit   picocolors: [ '1.1.1' ],
42 silly audit   picomatch: [ '2.3.1', '4.0.3' ],
42 silly audit   pify: [ '2.3.0' ],
42 silly audit   pirates: [ '4.0.7' ],
42 silly audit   postcss: [ '8.5.6' ],
42 silly audit   'postcss-import': [ '15.1.0' ],
42 silly audit   'postcss-js': [ '4.1.0' ],
42 silly audit   'postcss-load-config': [ '6.0.1' ],
42 silly audit   'postcss-nested': [ '6.2.0' ],
42 silly audit   'postcss-selector-parser': [ '6.1.2' ],
42 silly audit   'postcss-value-parser': [ '4.2.0' ],
42 silly audit   'process-nextick-args': [ '2.0.1' ],
42 silly audit   'proxy-from-env': [ '2.1.0' ],
42 silly audit   'queue-microtask': [ '1.2.3' ],
42 silly audit   react: [ '18.3.1' ],
42 silly audit   'react-dom': [ '18.3.1' ],
42 silly audit   'react-refresh': [ '0.17.0' ],
42 silly audit   'react-router': [ '6.30.3' ],
42 silly audit   'react-router-dom': [ '6.30.3' ],
42 silly audit   'read-cache': [ '1.0.0' ],
42 silly audit   'readdir-glob': [ '1.1.3' ],
42 silly audit   readdirp: [ '3.6.0' ],
42 silly audit   resolve: [ '1.22.11' ],
42 silly audit   reusify: [ '1.1.0' ],
42 silly audit   rimraf: [ '2.7.1' ],
42 silly audit   rollup: [ '4.59.0' ],
42 silly audit   'run-parallel': [ '1.2.0' ],
42 silly audit   saxes: [ '5.0.1' ],
42 silly audit   scheduler: [ '0.23.2' ],
42 silly audit   semver: [ '6.3.1' ],
42 silly audit   setimmediate: [ '1.0.5' ],
42 silly audit   'source-map-js': [ '1.2.1' ],
42 silly audit   sucrase: [ '3.35.1' ],
42 silly audit   'supports-preserve-symlinks-flag': [ '1.0.0' ],
42 silly audit   'tailwind-merge': [ '2.6.1' ],
42 silly audit   tailwindcss: [ '3.4.19' ],
42 silly audit   'tar-stream': [ '2.2.0' ],
42 silly audit   thenify: [ '3.3.1' ],
42 silly audit   'thenify-all': [ '1.6.0' ],
42 silly audit   tinyglobby: [ '0.2.15' ],
42 silly audit   fdir: [ '6.5.0' ],
42 silly audit   tmp: [ '0.2.5' ],
42 silly audit   'to-regex-range': [ '5.0.1' ],
42 silly audit   traverse: [ '0.3.9' ],
42 silly audit   'ts-interface-checker': [ '0.1.13' ],
42 silly audit   tslib: [ '2.8.1' ],
42 silly audit   unzipper: [ '0.10.14' ],
42 silly audit   'update-browserslist-db': [ '1.2.3' ],
42 silly audit   'util-deprecate': [ '1.0.2' ],
42 silly audit   uuid: [ '8.3.2' ],
42 silly audit   vite: [ '5.4.21' ],
42 silly audit   wrappy: [ '1.0.2' ],
42 silly audit   xmlchars: [ '2.2.0' ],
42 silly audit   yallist: [ '3.1.1' ],
42 silly audit   'zip-stream': [ '4.1.1' ],
42 silly audit   zustand: [ '5.0.12' ],
42 silly audit   'axios-digest': [ '0.3.0' ],
42 silly audit   'js-md5': [ '0.7.3' ],
42 silly audit   'js-sha256': [ '0.9.0' ],
42 silly audit   'js-sha512': [ '0.8.0' ]
42 silly audit }
43 http cache js-sha512@https://registry.npmjs.org/js-sha512/-/js-sha512-0.8.0.tgz 0ms (cache hit)
44 http cache js-sha256@https://registry.npmjs.org/js-sha256/-/js-sha256-0.9.0.tgz 0ms (cache hit)
45 http cache axios@https://registry.npmjs.org/axios/-/axios-0.24.0.tgz 0ms (cache hit)
46 silly tarball no local data for js-sha512@https://registry.npmjs.org/js-sha512/-/js-sha512-0.8.0.tgz. Extracting by manifest.
47 silly tarball no local data for js-sha256@https://registry.npmjs.org/js-sha256/-/js-sha256-0.9.0.tgz. Extracting by manifest.
48 silly tarball no local data for axios@https://registry.npmjs.org/axios/-/axios-0.24.0.tgz. Extracting by manifest.
49 http cache js-md5@https://registry.npmjs.org/js-md5/-/js-md5-0.7.3.tgz 0ms (cache hit)
50 http cache axios-digest@https://registry.npmjs.org/axios-digest/-/axios-digest-0.3.0.tgz 0ms (cache hit)
51 silly tarball no local data for js-md5@https://registry.npmjs.org/js-md5/-/js-md5-0.7.3.tgz. Extracting by manifest.
52 silly tarball no local data for axios-digest@https://registry.npmjs.org/axios-digest/-/axios-digest-0.3.0.tgz. Extracting by manifest.
53 http fetch GET 200 https://registry.npmjs.org/js-sha256/-/js-sha256-0.9.0.tgz 111ms (cache miss)
54 http fetch GET 200 https://registry.npmjs.org/js-sha512/-/js-sha512-0.8.0.tgz 118ms (cache miss)
55 http fetch GET 200 https://registry.npmjs.org/axios-digest/-/axios-digest-0.3.0.tgz 179ms (cache miss)
56 http fetch GET 200 https://registry.npmjs.org/js-md5/-/js-md5-0.7.3.tgz 194ms (cache miss)
57 http fetch POST 200 https://registry.npmjs.org/-/npm/v1/security/advisories/bulk 280ms
58 silly audit report {
58 silly audit report   axios: [
58 silly audit report     {
58 silly audit report       id: 1111034,
58 silly audit report       url: 'https://github.com/advisories/GHSA-jr5f-v2jv-69x6',
58 silly audit report       title: 'axios Requests Vulnerable To Possible SSRF and Credential Leakage via Absolute URL',
58 silly audit report       severity: 'high',
58 silly audit report       vulnerable_versions: '<0.30.0',
58 silly audit report       cwe: [Array],
58 silly audit report       cvss: [Object]
58 silly audit report     },
58 silly audit report     {
58 silly audit report       id: 1118607,
58 silly audit report       url: 'https://github.com/advisories/GHSA-q8qp-cvcw-x6jj',
58 silly audit report       title: 'Axios has prototype pollution read-side gadgets in HTTP adapter that allow credential injection and request hijacking',
58 silly audit report       severity: 'high',
58 silly audit report       vulnerable_versions: '>=1.0.0 <1.15.2',
58 silly audit report       cwe: [Array],
58 silly audit report       cvss: [Object]
58 silly audit report     },
58 silly audit report     {
58 silly audit report       id: 1116672,
58 silly audit report       url: 'https://github.com/advisories/GHSA-3p68-rc4w-qgx5',
58 silly audit report       title: 'Axios has a NO_PROXY Hostname Normalization Bypass that Leads to SSRF',
58 silly audit report       severity: 'moderate',
58 silly audit report       vulnerable_versions: '<0.31.0',
58 silly audit report       cwe: [Array],
58 silly audit report       cvss: [Object]
58 silly audit report     },
58 silly audit report     {
58 silly audit report       id: 1116673,
58 silly audit report       url: 'https://github.com/advisories/GHSA-3p68-rc4w-qgx5',
58 silly audit report       title: 'Axios has a NO_PROXY Hostname Normalization Bypass that Leads to SSRF',
58 silly audit report       severity: 'moderate',
58 silly audit report       vulnerable_versions: '>=1.0.0 <1.15.0',
58 silly audit report       cwe: [Array],
58 silly audit report       cvss: [Object]
58 silly audit report     },
58 silly audit report     {
58 silly audit report       id: 1116674,
58 silly audit report       url: 'https://github.com/advisories/GHSA-fvcv-3m26-pcqx',
58 silly audit report       title: 'Axios has Unrestricted Cloud Metadata Exfiltration via Header Injection Chain',
58 silly audit report       severity: 'moderate',
58 silly audit report       vulnerable_versions: '<0.31.0',
58 silly audit report       cwe: [Array],
58 silly audit report       cvss: [Object]
58 silly audit report     },
58 silly audit report     {
58 silly audit report       id: 1116675,
58 silly audit report       url: 'https://github.com/advisories/GHSA-fvcv-3m26-pcqx',
58 silly audit report       title: 'Axios has Unrestricted Cloud Metadata Exfiltration via Header Injection Chain',
58 silly audit report       severity: 'moderate',
58 silly audit report       vulnerable_versions: '>=1.0.0 <1.15.0',
58 silly audit report       cwe: [Array],
58 silly audit report       cvss: [Object]
58 silly audit report     },
58 silly audit report     {
58 silly audit report       id: 1117573,
58 silly audit report       url: 'https://github.com/advisories/GHSA-w9j2-pvgh-6h63',
58 silly audit report       title: 'Axios: Authentication Bypass via Prototype Pollution Gadget in `validateStatus` Merge Strategy',
58 silly audit report       severity: 'moderate',
58 silly audit report       vulnerable_versions: '<=0.31.0',
58 silly audit report       cwe: [Array],
58 silly audit report       cvss: [Object]
58 silly audit report     },
58 silly audit report     {
58 silly audit report       id: 1117574,
58 silly audit report       url: 'https://github.com/advisories/GHSA-w9j2-pvgh-6h63',
58 silly audit report       title: 'Axios: Authentication Bypass via Prototype Pollution Gadget in `validateStatus` Merge Strategy',
58 silly audit report       severity: 'moderate',
58 silly audit report       vulnerable_versions: '>=1.0.0 <1.15.1',
58 silly audit report       cwe: [Array],
58 silly audit report       cvss: [Object]
58 silly audit report     },
58 silly audit report     {
58 silly audit report       id: 1117575,
58 silly audit report       url: 'https://github.com/advisories/GHSA-pmwg-cvhr-8vh7',
58 silly audit report       title: 'Axios: Incomplete Fix for CVE-2025-62718 — NO_PROXY Protection Bypassed via RFC 1122 Loopback Subnet (127.0.0.0/8) in Axios 1.15.0',
58 silly audit report       severity: 'high',
58 silly audit report       vulnerable_versions: '<=0.31.0',
58 silly audit report       cwe: [Array],
58 silly audit report       cvss: [Object]
58 silly audit report     },
58 silly audit report     {
58 silly audit report       id: 1117576,
58 silly audit report       url: 'https://github.com/advisories/GHSA-pmwg-cvhr-8vh7',
58 silly audit report       title: 'Axios: Incomplete Fix for CVE-2025-62718 — NO_PROXY Protection Bypassed via RFC 1122 Loopback Subnet (127.0.0.0/8) in Axios 1.15.0',
58 silly audit report       severity: 'high',
58 silly audit report       vulnerable_versions: '>=1.0.0 <1.15.1',
58 silly audit report       cwe: [Array],
58 silly audit report       cvss: [Object]
58 silly audit report     },
58 silly audit report     {
58 silly audit report       id: 1117577,
58 silly audit report       url: 'https://github.com/advisories/GHSA-3w6x-2g7m-8v23',
58 silly audit report       title: 'Axios: Invisible JSON Response Tampering via Prototype Pollution Gadget in `parseReviver`',
58 silly audit report       severity: 'moderate',
58 silly audit report       vulnerable_versions: '>=1.0.0 <1.15.2',
58 silly audit report       cwe: [Array],
58 silly audit report       cvss: [Object]
58 silly audit report     },
58 silly audit report     {
58 silly audit report       id: 1117579,
58 silly audit report       url: 'https://github.com/advisories/GHSA-xhjh-pmcv-23jw',
58 silly audit report       title: 'Axios: Null Byte Injection via Reverse-Encoding in AxiosURLSearchParams',
58 silly audit report       severity: 'low',
58 silly audit report       vulnerable_versions: '<=0.31.0',
58 silly audit report       cwe: [Array],
58 silly audit report       cvss: [Object]
58 silly audit report     },
58 silly audit report     {
58 silly audit report       id: 1117580,
58 silly audit report       url: 'https://github.com/advisories/GHSA-xhjh-pmcv-23jw',
58 silly audit report       title: 'Axios: Null Byte Injection via Reverse-Encoding in AxiosURLSearchParams',
58 silly audit report       severity: 'low',
58 silly audit report       vulnerable_versions: '>=1.0.0 <1.15.1',
58 silly audit report       cwe: [Array],
58 silly audit report       cvss: [Object]
58 silly audit report     },
58 silly audit report     {
58 silly audit report       id: 1117581,
58 silly audit report       url: 'https://github.com/advisories/GHSA-445q-vr5w-6q77',
58 silly audit report       title: 'Axios: CRLF Injection in multipart/form-data body via unsanitized blob.type in formDataToStream',
58 silly audit report       severity: 'moderate',
58 silly audit report       vulnerable_versions: '>=1.0.0 <1.15.1',
58 silly audit report       cwe: [Array],
58 silly audit report       cvss: [Object]
58 silly audit report     },
58 silly audit report     {
58 silly audit report       id: 1117582,
58 silly audit report       url: 'https://github.com/advisories/GHSA-m7pr-hjqh-92cm',
58 silly audit report       title: 'Axios: no_proxy bypass via IP alias allows SSRF',
58 silly audit report       severity: 'moderate',
58 silly audit report       vulnerable_versions: '<=0.31.0',
58 silly audit report       cwe: [Array],
58 silly audit report       cvss: [Object]
58 silly audit report     },
58 silly audit report     {
58 silly audit report       id: 1117583,
58 silly audit report       url: 'https://github.com/advisories/GHSA-m7pr-hjqh-92cm',
58 silly audit report       title: 'Axios: no_proxy bypass via IP alias allows SSRF',
58 silly audit report       severity: 'moderate',
58 silly audit report       vulnerable_versions: '>=1.0.0 <1.15.1',
58 silly audit report       cwe: [Array],
58 silly audit report       cvss: [Object]
58 silly audit report     },
58 silly audit report     {
58 silly audit report       id: 1117584,
58 silly audit report       url: 'https://github.com/advisories/GHSA-62hf-57xw-28j9',
58 silly audit report       title: 'Axios: unbounded recursion in toFormData causes DoS via deeply nested request data',
58 silly audit report       severity: 'moderate',
58 silly audit report       vulnerable_versions: '<=0.31.0',
58 silly audit report       cwe: [Array],
58 silly audit report       cvss: [Object]
58 silly audit report     },
58 silly audit report     {
58 silly audit report       id: 1117585,
58 silly audit report       url: 'https://github.com/advisories/GHSA-62hf-57xw-28j9',
58 silly audit report       title: 'Axios: unbounded recursion in toFormData causes DoS via deeply nested request data',
58 silly audit report       severity: 'moderate',
58 silly audit report       vulnerable_versions: '>=1.0.0 <1.15.1',
58 silly audit report       cwe: [Array],
58 silly audit report       cvss: [Object]
58 silly audit report     },
58 silly audit report     {
58 silly audit report       id: 1117586,
58 silly audit report       url: 'https://github.com/advisories/GHSA-5c9x-8gcm-mpgx',
58 silly audit report       title: "Axios' HTTP adapter-streamed uploads bypass maxBodyLength when maxRedirects: 0",
58 silly audit report       severity: 'moderate',
58 silly audit report       vulnerable_versions: '<=0.31.0',
58 silly audit report       cwe: [Array],
58 silly audit report       cvss: [Object]
58 silly audit report     },
58 silly audit report     {
58 silly audit report       id: 1117587,
58 silly audit report       url: 'https://github.com/advisories/GHSA-5c9x-8gcm-mpgx',
58 silly audit report       title: "Axios' HTTP adapter-streamed uploads bypass maxBodyLength when maxRedirects: 0",
58 silly audit report       severity: 'moderate',
58 silly audit report       vulnerable_versions: '>=1.0.0 <1.15.1',
58 silly audit report       cwe: [Array],
58 silly audit report       cvss: [Object]
58 silly audit report     },
58 silly audit report     {
58 silly audit report       id: 1117588,
58 silly audit report       url: 'https://github.com/advisories/GHSA-vf2m-468p-8v99',
58 silly audit report       title: 'Axios: HTTP adapter streamed responses bypass maxContentLength',
58 silly audit report       severity: 'moderate',
58 silly audit report       vulnerable_versions: '<=0.31.0',
58 silly audit report       cwe: [Array],
58 silly audit report       cvss: [Object]
58 silly audit report     },
58 silly audit report     {
58 silly audit report       id: 1117589,
58 silly audit report       url: 'https://github.com/advisories/GHSA-vf2m-468p-8v99',
58 silly audit report       title: 'Axios: HTTP adapter streamed responses bypass maxContentLength',
58 silly audit report       severity: 'moderate',
58 silly audit report       vulnerable_versions: '>=1.0.0 <1.15.1',
58 silly audit report       cwe: [Array],
58 silly audit report       cvss: [Object]
58 silly audit report     },
58 silly audit report     {
58 silly audit report       id: 1117590,
58 silly audit report       url: 'https://github.com/advisories/GHSA-pf86-5x62-jrwf',
58 silly audit report       title: 'Axios: Prototype Pollution Gadgets - Response Tampering, Data Exfiltration, and Request Hijacking',
58 silly audit report       severity: 'high',
58 silly audit report       vulnerable_versions: '<=0.31.0',
58 silly audit report       cwe: [Array],
58 silly audit report       cvss: [Object]
58 silly audit report     },
58 silly audit report     {
58 silly audit report       id: 1117591,
58 silly audit report       url: 'https://github.com/advisories/GHSA-pf86-5x62-jrwf',
58 silly audit report       title: 'Axios: Prototype Pollution Gadgets - Response Tampering, Data Exfiltration, and Request Hijacking',
58 silly audit report       severity: 'high',
58 silly audit report       vulnerable_versions: '>=1.0.0 <1.15.1',
58 silly audit report       cwe: [Array],
58 silly audit report       cvss: [Object]
58 silly audit report     },
58 silly audit report     {
58 silly audit report       id: 1117592,
58 silly audit report       url: 'https://github.com/advisories/GHSA-6chq-wfr3-2hj9',
58 silly audit report       title: 'Axios: Header Injection via Prototype Pollution',
58 silly audit report       severity: 'high',
58 silly audit report       vulnerable_versions: '<=0.31.0',
58 silly audit report       cwe: [Array],
58 silly audit report       cvss: [Object]
58 silly audit report     },
58 silly audit report     {
58 silly audit report       id: 1117593,
58 silly audit report       url: 'https://github.com/advisories/GHSA-6chq-wfr3-2hj9',
58 silly audit report       title: 'Axios: Header Injection via Prototype Pollution',
58 silly audit report       severity: 'high',
58 silly audit report       vulnerable_versions: '>=1.0.0 <1.15.1',
58 silly audit report       cwe: [Array],
58 silly audit report       cvss: [Object]
58 silly audit report     },
58 silly audit report     {
58 silly audit report       id: 1117594,
58 silly audit report       url: 'https://github.com/advisories/GHSA-xx6v-rp6x-q39c',
58 silly audit report       title: 'Axios: XSRF Token Cross-Origin Leakage via Prototype Pollution Gadget in `withXSRFToken` Boolean Coercion',
58 silly audit report       severity: 'moderate',
58 silly audit report       vulnerable_versions: '<=0.31.0',
58 silly audit report       cwe: [Array],
58 silly audit report       cvss: [Object]
58 silly audit report     },
58 silly audit report     {
58 silly audit report       id: 1117595,
58 silly audit report       url: 'https://github.com/advisories/GHSA-xx6v-rp6x-q39c',
58 silly audit report       title: 'Axios: XSRF Token Cross-Origin Leakage via Prototype Pollution Gadget in `withXSRFToken` Boolean Coercion',
58 silly audit report       severity: 'moderate',
58 silly audit report       vulnerable_versions: '>=1.0.0 <1.15.1',
58 silly audit report       cwe: [Array],
58 silly audit report       cvss: [Object]
58 silly audit report     },
58 silly audit report     {
58 silly audit report       id: 1117857,
58 silly audit report       url: 'https://github.com/advisories/GHSA-43fc-jf86-j433',
58 silly audit report       title: 'Axios is Vulnerable to Denial of Service via __proto__ Key in mergeConfig',
58 silly audit report       severity: 'high',
58 silly audit report       vulnerable_versions: '<=0.30.2',
58 silly audit report       cwe: [Array],
58 silly audit report       cvss: [Object]
58 silly audit report     },
58 silly audit report     {
58 silly audit report       id: 1097679,
58 silly audit report       url: 'https://github.com/advisories/GHSA-wf5p-g6vw-rhxx',
58 silly audit report       title: 'Axios Cross-Site Request Forgery Vulnerability',
58 silly audit report       severity: 'moderate',
58 silly audit report       vulnerable_versions: '>=0.8.1 <0.28.0',
58 silly audit report       cwe: [Array],
58 silly audit report       cvss: [Object]
58 silly audit report     }
58 silly audit report   ],
58 silly audit report   esbuild: [
58 silly audit report     {
58 silly audit report       id: 1102341,
58 silly audit report       url: 'https://github.com/advisories/GHSA-67mh-4wv8-2f99',
58 silly audit report       title: 'esbuild enables any website to send any requests to the development server and read the response',
58 silly audit report       severity: 'moderate',
58 silly audit report       vulnerable_versions: '<=0.24.2',
58 silly audit report       cwe: [Array],
58 silly audit report       cvss: [Object]
58 silly audit report     }
58 silly audit report   ],
58 silly audit report   'follow-redirects': [
58 silly audit report     {
58 silly audit report       id: 1116560,
58 silly audit report       url: 'https://github.com/advisories/GHSA-r4q5-vmmm-2653',
58 silly audit report       title: 'follow-redirects leaks Custom Authentication Headers to Cross-Domain Redirect Targets',
58 silly audit report       severity: 'moderate',
58 silly audit report       vulnerable_versions: '<=1.15.11',
58 silly audit report       cwe: [Array],
58 silly audit report       cvss: [Object]
58 silly audit report     }
58 silly audit report   ],
58 silly audit report   picomatch: [
58 silly audit report     {
58 silly audit report       id: 1115549,
58 silly audit report       url: 'https://github.com/advisories/GHSA-3v7f-55p6-f55p',
58 silly audit report       title: 'Picomatch: Method Injection in POSIX Character Classes causes incorrect Glob Matching',
58 silly audit report       severity: 'moderate',
58 silly audit report       vulnerable_versions: '<2.3.2',
58 silly audit report       cwe: [Array],
58 silly audit report       cvss: [Object]
58 silly audit report     },
58 silly audit report     {
58 silly audit report       id: 1115551,
58 silly audit report       url: 'https://github.com/advisories/GHSA-3v7f-55p6-f55p',
58 silly audit report       title: 'Picomatch: Method Injection in POSIX Character Classes causes incorrect Glob Matching',
58 silly audit report       severity: 'moderate',
58 silly audit report       vulnerable_versions: '>=4.0.0 <4.0.4',
58 silly audit report       cwe: [Array],
58 silly audit report       cvss: [Object]
58 silly audit report     },
58 silly audit report     {
58 silly audit report       id: 1115552,
58 silly audit report       url: 'https://github.com/advisories/GHSA-c2c7-rcm5-vvqj',
58 silly audit report       title: 'Picomatch has a ReDoS vulnerability via extglob quantifiers',
58 silly audit report       severity: 'high',
58 silly audit report       vulnerable_versions: '<2.3.2',
58 silly audit report       cwe: [Array],
58 silly audit report       cvss: [Object]
58 silly audit report     },
58 silly audit report     {
58 silly audit report       id: 1115554,
58 silly audit report       url: 'https://github.com/advisories/GHSA-c2c7-rcm5-vvqj',
58 silly audit report       title: 'Picomatch has a ReDoS vulnerability via extglob quantifiers',
58 silly audit report       severity: 'high',
58 silly audit report       vulnerable_versions: '>=4.0.0 <4.0.4',
58 silly audit report       cwe: [Array],
58 silly audit report       cvss: [Object]
58 silly audit report     }
58 silly audit report   ],
58 silly audit report   postcss: [
58 silly audit report     {
58 silly audit report       id: 1117015,
58 silly audit report       url: 'https://github.com/advisories/GHSA-qx2v-qp2m-jg93',
58 silly audit report       title: 'PostCSS has XSS via Unescaped </style> in its CSS Stringify Output',
58 silly audit report       severity: 'moderate',
58 silly audit report       vulnerable_versions: '<8.5.10',
58 silly audit report       cwe: [Array],
58 silly audit report       cvss: [Object]
58 silly audit report     }
58 silly audit report   ],
58 silly audit report   vite: [
58 silly audit report     {
58 silly audit report       id: 1116229,
58 silly audit report       url: 'https://github.com/advisories/GHSA-4w7w-66w2-5vf9',
58 silly audit report       title: 'Vite Vulnerable to Path Traversal in Optimized Deps `.map` Handling',
58 silly audit report       severity: 'moderate',
58 silly audit report       vulnerable_versions: '<=6.4.1',
58 silly audit report       cwe: [Array],
58 silly audit report       cvss: [Object]
58 silly audit report     }
58 silly audit report   ]
58 silly audit report }
59 silly packumentCache corgi:https://registry.npmjs.org/axios cache-miss
60 silly packumentCache corgi:https://registry.npmjs.org/esbuild cache-miss
61 silly packumentCache corgi:https://registry.npmjs.org/follow-redirects cache-miss
62 silly packumentCache corgi:https://registry.npmjs.org/picomatch cache-miss
63 silly packumentCache corgi:https://registry.npmjs.org/postcss cache-miss
64 silly packumentCache corgi:https://registry.npmjs.org/vite cache-miss
65 http fetch GET 200 https://registry.npmjs.org/follow-redirects 70ms (cache miss)
66 silly packumentCache corgi:https://registry.npmjs.org/follow-redirects set size:undefined disposed:false
67 http fetch GET 200 https://registry.npmjs.org/picomatch 76ms (cache miss)
68 silly packumentCache corgi:https://registry.npmjs.org/picomatch set size:undefined disposed:false
69 http fetch GET 200 https://registry.npmjs.org/axios/-/axios-0.24.0.tgz 384ms (cache miss)
70 http fetch GET 200 https://registry.npmjs.org/axios 392ms (cache miss)
71 silly packumentCache corgi:https://registry.npmjs.org/axios set size:undefined disposed:false
72 http fetch GET 200 https://registry.npmjs.org/postcss 555ms (cache miss)
73 silly packumentCache corgi:https://registry.npmjs.org/postcss set size:undefined disposed:false
74 http fetch GET 200 https://registry.npmjs.org/esbuild 711ms (cache miss)
75 silly packumentCache corgi:https://registry.npmjs.org/esbuild set size:undefined disposed:false
76 http fetch GET 200 https://registry.npmjs.org/vite 790ms (cache miss)
77 silly packumentCache corgi:https://registry.npmjs.org/vite set size:undefined disposed:false
78 silly packumentCache corgi:https://registry.npmjs.org/axios-digest cache-miss
79 http fetch GET 200 https://registry.npmjs.org/axios-digest 242ms (cache miss)
80 silly packumentCache corgi:https://registry.npmjs.org/axios-digest set size:undefined disposed:false
81 silly packumentCache corgi:https://registry.npmjs.org/anymatch cache-miss
82 silly packumentCache corgi:https://registry.npmjs.org/micromatch cache-miss
83 silly packumentCache corgi:https://registry.npmjs.org/readdirp cache-miss
84 http fetch GET 200 https://registry.npmjs.org/micromatch 65ms (cache miss)
85 silly packumentCache corgi:https://registry.npmjs.org/micromatch set size:undefined disposed:false
86 http fetch GET 200 https://registry.npmjs.org/readdirp 83ms (cache miss)
87 silly packumentCache corgi:https://registry.npmjs.org/readdirp set size:undefined disposed:false
88 http fetch GET 200 https://registry.npmjs.org/anymatch 89ms (cache miss)
89 silly packumentCache corgi:https://registry.npmjs.org/anymatch set size:undefined disposed:false
90 silly packumentCache corgi:https://registry.npmjs.org/tinyglobby cache-miss
91 silly packumentCache corgi:https://registry.npmjs.org/fdir cache-miss
92 http fetch GET 200 https://registry.npmjs.org/tinyglobby 47ms (cache miss)
93 silly packumentCache corgi:https://registry.npmjs.org/tinyglobby set size:undefined disposed:false
94 http fetch GET 200 https://registry.npmjs.org/fdir 62ms (cache miss)
95 silly packumentCache corgi:https://registry.npmjs.org/fdir set size:undefined disposed:false
96 silly packumentCache corgi:https://registry.npmjs.org/autoprefixer cache-miss
97 silly packumentCache corgi:https://registry.npmjs.org/postcss-import cache-miss
98 silly packumentCache corgi:https://registry.npmjs.org/postcss-js cache-miss
99 silly packumentCache corgi:https://registry.npmjs.org/postcss-load-config cache-miss
100 silly packumentCache corgi:https://registry.npmjs.org/postcss-nested cache-miss
101 silly packumentCache corgi:https://registry.npmjs.org/tailwindcss cache-miss
102 http fetch GET 200 https://registry.npmjs.org/postcss-import 123ms (cache miss)
103 silly packumentCache corgi:https://registry.npmjs.org/postcss-import set size:undefined disposed:false
104 http fetch GET 200 https://registry.npmjs.org/postcss-js 135ms (cache miss)
105 silly packumentCache corgi:https://registry.npmjs.org/postcss-js set size:undefined disposed:false
106 http fetch GET 200 https://registry.npmjs.org/postcss-load-config 178ms (cache miss)
107 silly packumentCache corgi:https://registry.npmjs.org/postcss-load-config set size:undefined disposed:false
108 http fetch GET 200 https://registry.npmjs.org/autoprefixer 183ms (cache miss)
109 silly packumentCache corgi:https://registry.npmjs.org/autoprefixer set size:undefined disposed:false
110 http fetch GET 200 https://registry.npmjs.org/postcss-nested 225ms (cache miss)
111 silly packumentCache corgi:https://registry.npmjs.org/postcss-nested set size:undefined disposed:false
112 http fetch GET 200 https://registry.npmjs.org/tailwindcss 575ms (cache miss)
113 silly packumentCache corgi:https://registry.npmjs.org/tailwindcss set size:undefined disposed:false
114 silly packumentCache corgi:https://registry.npmjs.org/@vitejs%2fplugin-react cache-miss
115 http fetch GET 200 https://registry.npmjs.org/@vitejs%2fplugin-react 88ms (cache miss)
116 silly packumentCache corgi:https://registry.npmjs.org/@vitejs%2fplugin-react set size:undefined disposed:false
117 silly ADD node_modules/js-sha512
118 silly ADD node_modules/js-sha256
119 silly ADD node_modules/js-md5
120 silly ADD node_modules/axios-digest
121 silly ADD node_modules/axios-digest/node_modules/axios
122 verbose cwd F:\kerja\ngoding\EVOAPP
123 verbose os Windows_NT 10.0.26200
124 verbose node v24.14.0
125 verbose npm  v11.11.1
126 notice
126 notice New minor version of npm available! 11.11.1 -> 11.14.1
126 notice Changelog: https://github.com/npm/cli/releases/tag/v11.14.1
126 notice To update run: npm install -g npm@11.14.1
126 notice  { force: true, Symbol(proc-log.meta): true }
127 verbose exit 0
128 info ok
